<?xml version="1.0" encoding="UTF-8"?>
<testsuite xmlns:xsi="http://www.w3.org/2001/XMLSchema-instance" xsi:noNamespaceSchemaLocation="https://maven.apache.org/surefire/maven-surefire-plugin/xsd/surefire-test-report-3.0.xsd" version="3.0" name="TestSuite" time="293.397" tests="11" errors="0" skipped="0" failures="0">
  <properties>
    <property name="sun.desktop" value="windows"/>
    <property name="awt.toolkit" value="sun.awt.windows.WToolkit"/>
    <property name="file.encoding.pkg" value="sun.io"/>
    <property name="java.specification.version" value="1.8"/>
    <property name="webdriver.chrome.driver" value="./Driver/chromedriver.exe"/>
    <property name="sun.cpu.isalist" value="amd64"/>
    <property name="sun.jnu.encoding" value="Cp1252"/>
    <property name="java.class.path" value="D:\JAVA RACVWorkSpace\ngwebdriver-auto\target\test-classes;D:\JAVA RACVWorkSpace\ngwebdriver-auto\target\classes;C:\Users\Administrator\.m2\repository\org\assertj\assertj-core\3.11.1\assertj-core-3.11.1.jar;C:\Users\Administrator\.m2\repository\com\aventstack\extentreports-testng-adapter\1.0.5\extentreports-testng-adapter-1.0.5.jar;C:\Users\Administrator\.m2\repository\com\aventstack\extentreports\4.1.2\extentreports-4.1.2.jar;C:\Users\Administrator\.m2\repository\org\freemarker\freemarker\2.3.29\freemarker-2.3.29.jar;C:\Users\Administrator\.m2\repository\org\apache\httpcomponents\httpclient\4.5.2\httpclient-4.5.2.jar;C:\Users\Administrator\.m2\repository\org\apache\httpcomponents\httpcore\4.4.4\httpcore-4.4.4.jar;C:\Users\Administrator\.m2\repository\commons-logging\commons-logging\1.2\commons-logging-1.2.jar;C:\Users\Administrator\.m2\repository\commons-codec\commons-codec\1.9\commons-codec-1.9.jar;C:\Users\Administrator\.m2\repository\org\apache\httpcomponents\httpmime\4.5.2\httpmime-4.5.2.jar;C:\Users\Administrator\.m2\repository\com\google\code\gson\gson\2.8.6\gson-2.8.6.jar;C:\Users\Administrator\.m2\repository\org\mongodb\bson\3.12.0\bson-3.12.0.jar;C:\Users\Administrator\.m2\repository\org\mongodb\mongodb-driver\3.3.0\mongodb-driver-3.3.0.jar;C:\Users\Administrator\.m2\repository\org\mongodb\mongodb-driver-core\3.3.0\mongodb-driver-core-3.3.0.jar;C:\Users\Administrator\.m2\repository\com\google\guava\guava\27.1-jre\guava-27.1-jre.jar;C:\Users\Administrator\.m2\repository\com\google\guava\failureaccess\1.0.1\failureaccess-1.0.1.jar;C:\Users\Administrator\.m2\repository\com\google\guava\listenablefuture\9999.0-empty-to-avoid-conflict-with-guava\listenablefuture-9999.0-empty-to-avoid-conflict-with-guava.jar;C:\Users\Administrator\.m2\repository\com\google\code\findbugs\jsr305\3.0.2\jsr305-3.0.2.jar;C:\Users\Administrator\.m2\repository\org\checkerframework\checker-qual\2.5.2\checker-qual-2.5.2.jar;C:\Users\Administrator\.m2\repository\com\google\errorprone\error_prone_annotations\2.2.0\error_prone_annotations-2.2.0.jar;C:\Users\Administrator\.m2\repository\com\google\j2objc\j2objc-annotations\1.1\j2objc-annotations-1.1.jar;C:\Users\Administrator\.m2\repository\org\codehaus\mojo\animal-sniffer-annotations\1.17\animal-sniffer-annotations-1.17.jar;C:\Users\Administrator\.m2\repository\org\testng\testng\7.1.0\testng-7.1.0.jar;C:\Users\Administrator\.m2\repository\com\beust\jcommander\1.72\jcommander-1.72.jar;C:\Users\Administrator\.m2\repository\com\google\inject\guice\4.1.0\guice-4.1.0-no_aop.jar;C:\Users\Administrator\.m2\repository\javax\inject\javax.inject\1\javax.inject-1.jar;C:\Users\Administrator\.m2\repository\aopalliance\aopalliance\1.0\aopalliance-1.0.jar;C:\Users\Administrator\.m2\repository\org\yaml\snakeyaml\1.21\snakeyaml-1.21.jar;C:\Users\Administrator\.m2\repository\com\paulhammant\ngwebdriver\1.1.4\ngwebdriver-1.1.4.jar;C:\Users\Administrator\.m2\repository\org\seleniumhq\selenium\selenium-java\4.0.0-alpha-4\selenium-java-4.0.0-alpha-4.jar;C:\Users\Administrator\.m2\repository\org\seleniumhq\selenium\selenium-api\4.0.0-alpha-4\selenium-api-4.0.0-alpha-4.jar;C:\Users\Administrator\.m2\repository\org\seleniumhq\selenium\selenium-chrome-driver\4.0.0-alpha-4\selenium-chrome-driver-4.0.0-alpha-4.jar;C:\Users\Administrator\.m2\repository\com\google\auto\service\auto-service-annotations\1.0-rc6\auto-service-annotations-1.0-rc6.jar;C:\Users\Administrator\.m2\repository\com\google\auto\service\auto-service\1.0-rc6\auto-service-1.0-rc6.jar;C:\Users\Administrator\.m2\repository\com\google\auto\auto-common\0.10\auto-common-0.10.jar;C:\Users\Administrator\.m2\repository\org\seleniumhq\selenium\selenium-chromium-driver\4.0.0-alpha-4\selenium-chromium-driver-4.0.0-alpha-4.jar;C:\Users\Administrator\.m2\repository\org\seleniumhq\selenium\selenium-devtools\4.0.0-alpha-4\selenium-devtools-4.0.0-alpha-4.jar;C:\Users\Administrator\.m2\repository\org\seleniumhq\selenium\selenium-http\4.0.0-alpha-4\selenium-http-4.0.0-alpha-4.jar;C:\Users\Administrator\.m2\repository\org\seleniumhq\selenium\selenium-json\4.0.0-alpha-4\selenium-json-4.0.0-alpha-4.jar;C:\Users\Administrator\.m2\repository\org\seleniumhq\selenium\selenium-edge-driver\4.0.0-alpha-4\selenium-edge-driver-4.0.0-alpha-4.jar;C:\Users\Administrator\.m2\repository\org\seleniumhq\selenium\selenium-edgehtml-driver\4.0.0-alpha-4\selenium-edgehtml-driver-4.0.0-alpha-4.jar;C:\Users\Administrator\.m2\repository\org\seleniumhq\selenium\selenium-firefox-driver\4.0.0-alpha-4\selenium-firefox-driver-4.0.0-alpha-4.jar;C:\Users\Administrator\.m2\repository\org\seleniumhq\selenium\selenium-firefox-xpi-driver\4.0.0-alpha-4\selenium-firefox-xpi-driver-4.0.0-alpha-4.jar;C:\Users\Administrator\.m2\repository\org\seleniumhq\selenium\selenium-ie-driver\4.0.0-alpha-4\selenium-ie-driver-4.0.0-alpha-4.jar;C:\Users\Administrator\.m2\repository\org\seleniumhq\selenium\selenium-opera-driver\4.0.0-alpha-4\selenium-opera-driver-4.0.0-alpha-4.jar;C:\Users\Administrator\.m2\repository\org\seleniumhq\selenium\selenium-remote-driver\4.0.0-alpha-4\selenium-remote-driver-4.0.0-alpha-4.jar;C:\Users\Administrator\.m2\repository\com\squareup\okhttp3\okhttp\4.3.0\okhttp-4.3.0.jar;C:\Users\Administrator\.m2\repository\com\squareup\okio\okio\2.4.1\okio-2.4.1.jar;C:\Users\Administrator\.m2\repository\org\jetbrains\kotlin\kotlin-stdlib-common\1.3.50\kotlin-stdlib-common-1.3.50.jar;C:\Users\Administrator\.m2\repository\org\jetbrains\kotlin\kotlin-stdlib\1.3.61\kotlin-stdlib-1.3.61.jar;C:\Users\Administrator\.m2\repository\org\jetbrains\annotations\13.0\annotations-13.0.jar;C:\Users\Administrator\.m2\repository\com\typesafe\netty\netty-reactive-streams\2.0.4\netty-reactive-streams-2.0.4.jar;C:\Users\Administrator\.m2\repository\io\netty\netty-handler\4.1.43.Final\netty-handler-4.1.43.Final.jar;C:\Users\Administrator\.m2\repository\io\netty\netty-common\4.1.43.Final\netty-common-4.1.43.Final.jar;C:\Users\Administrator\.m2\repository\io\netty\netty-buffer\4.1.43.Final\netty-buffer-4.1.43.Final.jar;C:\Users\Administrator\.m2\repository\io\netty\netty-transport\4.1.43.Final\netty-transport-4.1.43.Final.jar;C:\Users\Administrator\.m2\repository\io\netty\netty-codec\4.1.43.Final\netty-codec-4.1.43.Final.jar;C:\Users\Administrator\.m2\repository\org\reactivestreams\reactive-streams\1.0.3\reactive-streams-1.0.3.jar;C:\Users\Administrator\.m2\repository\io\opentracing\opentracing-api\0.33.0\opentracing-api-0.33.0.jar;C:\Users\Administrator\.m2\repository\net\bytebuddy\byte-buddy\1.10.6\byte-buddy-1.10.6.jar;C:\Users\Administrator\.m2\repository\org\apache\commons\commons-exec\1.3\commons-exec-1.3.jar;C:\Users\Administrator\.m2\repository\org\asynchttpclient\async-http-client\2.10.4\async-http-client-2.10.4.jar;C:\Users\Administrator\.m2\repository\org\asynchttpclient\async-http-client-netty-utils\2.10.4\async-http-client-netty-utils-2.10.4.jar;C:\Users\Administrator\.m2\repository\io\netty\netty-codec-http\4.1.42.Final\netty-codec-http-4.1.42.Final.jar;C:\Users\Administrator\.m2\repository\io\netty\netty-codec-socks\4.1.42.Final\netty-codec-socks-4.1.42.Final.jar;C:\Users\Administrator\.m2\repository\io\netty\netty-handler-proxy\4.1.42.Final\netty-handler-proxy-4.1.42.Final.jar;C:\Users\Administrator\.m2\repository\io\netty\netty-transport-native-epoll\4.1.42.Final\netty-transport-native-epoll-4.1.42.Final-linux-x86_64.jar;C:\Users\Administrator\.m2\repository\io\netty\netty-transport-native-unix-common\4.1.42.Final\netty-transport-native-unix-common-4.1.42.Final.jar;C:\Users\Administrator\.m2\repository\io\netty\netty-transport-native-kqueue\4.1.42.Final\netty-transport-native-kqueue-4.1.42.Final-osx-x86_64.jar;C:\Users\Administrator\.m2\repository\io\netty\netty-resolver-dns\4.1.42.Final\netty-resolver-dns-4.1.42.Final.jar;C:\Users\Administrator\.m2\repository\io\netty\netty-resolver\4.1.42.Final\netty-resolver-4.1.42.Final.jar;C:\Users\Administrator\.m2\repository\io\netty\netty-codec-dns\4.1.42.Final\netty-codec-dns-4.1.42.Final.jar;C:\Users\Administrator\.m2\repository\org\slf4j\slf4j-api\1.7.26\slf4j-api-1.7.26.jar;C:\Users\Administrator\.m2\repository\com\sun\activation\javax.activation\1.2.0\javax.activation-1.2.0.jar;C:\Users\Administrator\.m2\repository\org\seleniumhq\selenium\selenium-safari-driver\4.0.0-alpha-4\selenium-safari-driver-4.0.0-alpha-4.jar;C:\Users\Administrator\.m2\repository\org\seleniumhq\selenium\selenium-support\4.0.0-alpha-4\selenium-support-4.0.0-alpha-4.jar;"/>
    <property name="java.vm.vendor" value="Oracle Corporation"/>
    <property name="sun.arch.data.model" value="64"/>
    <property name="user.variant" value=""/>
    <property name="java.vendor.url" value="http://java.oracle.com/"/>
    <property name="user.timezone" value="UTC"/>
    <property name="java.vm.specification.version" value="1.8"/>
    <property name="os.name" value="Windows Server 2016"/>
    <property name="user.country" value="US"/>
    <property name="sun.java.launcher" value="SUN_STANDARD"/>
    <property name="sun.boot.library.path" value="C:\Program Files\Java\jdk1.8.0_231\jre\bin"/>
    <property name="sun.java.command" value="C:\Users\Administrator\AppData\Local\Temp\2\surefire5910800114950437755\surefirebooter6616793656640848422.jar C:\Users\Administrator\AppData\Local\Temp\2\surefire5910800114950437755 2020-02-12T12-19-23_321-jvmRun1 surefire5635931116230548623tmp surefire_06800239344250871286tmp"/>
    <property name="surefire.test.class.path" value="D:\JAVA RACVWorkSpace\ngwebdriver-auto\target\test-classes;D:\JAVA RACVWorkSpace\ngwebdriver-auto\target\classes;C:\Users\Administrator\.m2\repository\org\assertj\assertj-core\3.11.1\assertj-core-3.11.1.jar;C:\Users\Administrator\.m2\repository\com\aventstack\extentreports-testng-adapter\1.0.5\extentreports-testng-adapter-1.0.5.jar;C:\Users\Administrator\.m2\repository\com\aventstack\extentreports\4.1.2\extentreports-4.1.2.jar;C:\Users\Administrator\.m2\repository\org\freemarker\freemarker\2.3.29\freemarker-2.3.29.jar;C:\Users\Administrator\.m2\repository\org\apache\httpcomponents\httpclient\4.5.2\httpclient-4.5.2.jar;C:\Users\Administrator\.m2\repository\org\apache\httpcomponents\httpcore\4.4.4\httpcore-4.4.4.jar;C:\Users\Administrator\.m2\repository\commons-logging\commons-logging\1.2\commons-logging-1.2.jar;C:\Users\Administrator\.m2\repository\commons-codec\commons-codec\1.9\commons-codec-1.9.jar;C:\Users\Administrator\.m2\repository\org\apache\httpcomponents\httpmime\4.5.2\httpmime-4.5.2.jar;C:\Users\Administrator\.m2\repository\com\google\code\gson\gson\2.8.6\gson-2.8.6.jar;C:\Users\Administrator\.m2\repository\org\mongodb\bson\3.12.0\bson-3.12.0.jar;C:\Users\Administrator\.m2\repository\org\mongodb\mongodb-driver\3.3.0\mongodb-driver-3.3.0.jar;C:\Users\Administrator\.m2\repository\org\mongodb\mongodb-driver-core\3.3.0\mongodb-driver-core-3.3.0.jar;C:\Users\Administrator\.m2\repository\com\google\guava\guava\27.1-jre\guava-27.1-jre.jar;C:\Users\Administrator\.m2\repository\com\google\guava\failureaccess\1.0.1\failureaccess-1.0.1.jar;C:\Users\Administrator\.m2\repository\com\google\guava\listenablefuture\9999.0-empty-to-avoid-conflict-with-guava\listenablefuture-9999.0-empty-to-avoid-conflict-with-guava.jar;C:\Users\Administrator\.m2\repository\com\google\code\findbugs\jsr305\3.0.2\jsr305-3.0.2.jar;C:\Users\Administrator\.m2\repository\org\checkerframework\checker-qual\2.5.2\checker-qual-2.5.2.jar;C:\Users\Administrator\.m2\repository\com\google\errorprone\error_prone_annotations\2.2.0\error_prone_annotations-2.2.0.jar;C:\Users\Administrator\.m2\repository\com\google\j2objc\j2objc-annotations\1.1\j2objc-annotations-1.1.jar;C:\Users\Administrator\.m2\repository\org\codehaus\mojo\animal-sniffer-annotations\1.17\animal-sniffer-annotations-1.17.jar;C:\Users\Administrator\.m2\repository\org\testng\testng\7.1.0\testng-7.1.0.jar;C:\Users\Administrator\.m2\repository\com\beust\jcommander\1.72\jcommander-1.72.jar;C:\Users\Administrator\.m2\repository\com\google\inject\guice\4.1.0\guice-4.1.0-no_aop.jar;C:\Users\Administrator\.m2\repository\javax\inject\javax.inject\1\javax.inject-1.jar;C:\Users\Administrator\.m2\repository\aopalliance\aopalliance\1.0\aopalliance-1.0.jar;C:\Users\Administrator\.m2\repository\org\yaml\snakeyaml\1.21\snakeyaml-1.21.jar;C:\Users\Administrator\.m2\repository\com\paulhammant\ngwebdriver\1.1.4\ngwebdriver-1.1.4.jar;C:\Users\Administrator\.m2\repository\org\seleniumhq\selenium\selenium-java\4.0.0-alpha-4\selenium-java-4.0.0-alpha-4.jar;C:\Users\Administrator\.m2\repository\org\seleniumhq\selenium\selenium-api\4.0.0-alpha-4\selenium-api-4.0.0-alpha-4.jar;C:\Users\Administrator\.m2\repository\org\seleniumhq\selenium\selenium-chrome-driver\4.0.0-alpha-4\selenium-chrome-driver-4.0.0-alpha-4.jar;C:\Users\Administrator\.m2\repository\com\google\auto\service\auto-service-annotations\1.0-rc6\auto-service-annotations-1.0-rc6.jar;C:\Users\Administrator\.m2\repository\com\google\auto\service\auto-service\1.0-rc6\auto-service-1.0-rc6.jar;C:\Users\Administrator\.m2\repository\com\google\auto\auto-common\0.10\auto-common-0.10.jar;C:\Users\Administrator\.m2\repository\org\seleniumhq\selenium\selenium-chromium-driver\4.0.0-alpha-4\selenium-chromium-driver-4.0.0-alpha-4.jar;C:\Users\Administrator\.m2\repository\org\seleniumhq\selenium\selenium-devtools\4.0.0-alpha-4\selenium-devtools-4.0.0-alpha-4.jar;C:\Users\Administrator\.m2\repository\org\seleniumhq\selenium\selenium-http\4.0.0-alpha-4\selenium-http-4.0.0-alpha-4.jar;C:\Users\Administrator\.m2\repository\org\seleniumhq\selenium\selenium-json\4.0.0-alpha-4\selenium-json-4.0.0-alpha-4.jar;C:\Users\Administrator\.m2\repository\org\seleniumhq\selenium\selenium-edge-driver\4.0.0-alpha-4\selenium-edge-driver-4.0.0-alpha-4.jar;C:\Users\Administrator\.m2\repository\org\seleniumhq\selenium\selenium-edgehtml-driver\4.0.0-alpha-4\selenium-edgehtml-driver-4.0.0-alpha-4.jar;C:\Users\Administrator\.m2\repository\org\seleniumhq\selenium\selenium-firefox-driver\4.0.0-alpha-4\selenium-firefox-driver-4.0.0-alpha-4.jar;C:\Users\Administrator\.m2\repository\org\seleniumhq\selenium\selenium-firefox-xpi-driver\4.0.0-alpha-4\selenium-firefox-xpi-driver-4.0.0-alpha-4.jar;C:\Users\Administrator\.m2\repository\org\seleniumhq\selenium\selenium-ie-driver\4.0.0-alpha-4\selenium-ie-driver-4.0.0-alpha-4.jar;C:\Users\Administrator\.m2\repository\org\seleniumhq\selenium\selenium-opera-driver\4.0.0-alpha-4\selenium-opera-driver-4.0.0-alpha-4.jar;C:\Users\Administrator\.m2\repository\org\seleniumhq\selenium\selenium-remote-driver\4.0.0-alpha-4\selenium-remote-driver-4.0.0-alpha-4.jar;C:\Users\Administrator\.m2\repository\com\squareup\okhttp3\okhttp\4.3.0\okhttp-4.3.0.jar;C:\Users\Administrator\.m2\repository\com\squareup\okio\okio\2.4.1\okio-2.4.1.jar;C:\Users\Administrator\.m2\repository\org\jetbrains\kotlin\kotlin-stdlib-common\1.3.50\kotlin-stdlib-common-1.3.50.jar;C:\Users\Administrator\.m2\repository\org\jetbrains\kotlin\kotlin-stdlib\1.3.61\kotlin-stdlib-1.3.61.jar;C:\Users\Administrator\.m2\repository\org\jetbrains\annotations\13.0\annotations-13.0.jar;C:\Users\Administrator\.m2\repository\com\typesafe\netty\netty-reactive-streams\2.0.4\netty-reactive-streams-2.0.4.jar;C:\Users\Administrator\.m2\repository\io\netty\netty-handler\4.1.43.Final\netty-handler-4.1.43.Final.jar;C:\Users\Administrator\.m2\repository\io\netty\netty-common\4.1.43.Final\netty-common-4.1.43.Final.jar;C:\Users\Administrator\.m2\repository\io\netty\netty-buffer\4.1.43.Final\netty-buffer-4.1.43.Final.jar;C:\Users\Administrator\.m2\repository\io\netty\netty-transport\4.1.43.Final\netty-transport-4.1.43.Final.jar;C:\Users\Administrator\.m2\repository\io\netty\netty-codec\4.1.43.Final\netty-codec-4.1.43.Final.jar;C:\Users\Administrator\.m2\repository\org\reactivestreams\reactive-streams\1.0.3\reactive-streams-1.0.3.jar;C:\Users\Administrator\.m2\repository\io\opentracing\opentracing-api\0.33.0\opentracing-api-0.33.0.jar;C:\Users\Administrator\.m2\repository\net\bytebuddy\byte-buddy\1.10.6\byte-buddy-1.10.6.jar;C:\Users\Administrator\.m2\repository\org\apache\commons\commons-exec\1.3\commons-exec-1.3.jar;C:\Users\Administrator\.m2\repository\org\asynchttpclient\async-http-client\2.10.4\async-http-client-2.10.4.jar;C:\Users\Administrator\.m2\repository\org\asynchttpclient\async-http-client-netty-utils\2.10.4\async-http-client-netty-utils-2.10.4.jar;C:\Users\Administrator\.m2\repository\io\netty\netty-codec-http\4.1.42.Final\netty-codec-http-4.1.42.Final.jar;C:\Users\Administrator\.m2\repository\io\netty\netty-codec-socks\4.1.42.Final\netty-codec-socks-4.1.42.Final.jar;C:\Users\Administrator\.m2\repository\io\netty\netty-handler-proxy\4.1.42.Final\netty-handler-proxy-4.1.42.Final.jar;C:\Users\Administrator\.m2\repository\io\netty\netty-transport-native-epoll\4.1.42.Final\netty-transport-native-epoll-4.1.42.Final-linux-x86_64.jar;C:\Users\Administrator\.m2\repository\io\netty\netty-transport-native-unix-common\4.1.42.Final\netty-transport-native-unix-common-4.1.42.Final.jar;C:\Users\Administrator\.m2\repository\io\netty\netty-transport-native-kqueue\4.1.42.Final\netty-transport-native-kqueue-4.1.42.Final-osx-x86_64.jar;C:\Users\Administrator\.m2\repository\io\netty\netty-resolver-dns\4.1.42.Final\netty-resolver-dns-4.1.42.Final.jar;C:\Users\Administrator\.m2\repository\io\netty\netty-resolver\4.1.42.Final\netty-resolver-4.1.42.Final.jar;C:\Users\Administrator\.m2\repository\io\netty\netty-codec-dns\4.1.42.Final\netty-codec-dns-4.1.42.Final.jar;C:\Users\Administrator\.m2\repository\org\slf4j\slf4j-api\1.7.26\slf4j-api-1.7.26.jar;C:\Users\Administrator\.m2\repository\com\sun\activation\javax.activation\1.2.0\javax.activation-1.2.0.jar;C:\Users\Administrator\.m2\repository\org\seleniumhq\selenium\selenium-safari-driver\4.0.0-alpha-4\selenium-safari-driver-4.0.0-alpha-4.jar;C:\Users\Administrator\.m2\repository\org\seleniumhq\selenium\selenium-support\4.0.0-alpha-4\selenium-support-4.0.0-alpha-4.jar;"/>
    <property name="sun.cpu.endian" value="little"/>
    <property name="user.home" value="C:\Users\Administrator"/>
    <property name="user.language" value="en"/>
    <property name="java.specification.vendor" value="Oracle Corporation"/>
    <property name="java.home" value="C:\Program Files\Java\jdk1.8.0_231\jre"/>
    <property name="basedir" value="D:\JAVA RACVWorkSpace\ngwebdriver-auto"/>
    <property name="file.separator" value="\"/>
    <property name="line.separator" value="&#10;"/>
    <property name="java.vm.specification.vendor" value="Oracle Corporation"/>
    <property name="java.specification.name" value="Java Platform API Specification"/>
    <property name="java.awt.graphicsenv" value="sun.awt.Win32GraphicsEnvironment"/>
    <property name="surefire.real.class.path" value="C:\Users\Administrator\AppData\Local\Temp\2\surefire5910800114950437755\surefirebooter6616793656640848422.jar"/>
    <property name="sun.boot.class.path" value="C:\Program Files\Java\jdk1.8.0_231\jre\lib\resources.jar;C:\Program Files\Java\jdk1.8.0_231\jre\lib\rt.jar;C:\Program Files\Java\jdk1.8.0_231\jre\lib\sunrsasign.jar;C:\Program Files\Java\jdk1.8.0_231\jre\lib\jsse.jar;C:\Program Files\Java\jdk1.8.0_231\jre\lib\jce.jar;C:\Program Files\Java\jdk1.8.0_231\jre\lib\charsets.jar;C:\Program Files\Java\jdk1.8.0_231\jre\lib\jfr.jar;C:\Program Files\Java\jdk1.8.0_231\jre\classes"/>
    <property name="user.script" value=""/>
    <property name="sun.management.compiler" value="HotSpot 64-Bit Tiered Compilers"/>
    <property name="java.runtime.version" value="1.8.0_231-b11"/>
    <property name="user.name" value="Administrator"/>
    <property name="path.separator" value=";"/>
    <property name="os.version" value="10.0"/>
    <property name="java.endorsed.dirs" value="C:\Program Files\Java\jdk1.8.0_231\jre\lib\endorsed"/>
    <property name="java.runtime.name" value="Java(TM) SE Runtime Environment"/>
    <property name="file.encoding" value="Cp1252"/>
    <property name="sun.nio.ch.bugLevel" value=""/>
    <property name="java.vm.name" value="Java HotSpot(TM) 64-Bit Server VM"/>
    <property name="localRepository" value="C:\Users\Administrator\.m2\repository"/>
    <property name="java.vendor.url.bug" value="http://bugreport.sun.com/bugreport/"/>
    <property name="java.io.tmpdir" value="C:\Users\ADMINI~1\AppData\Local\Temp\2\"/>
    <property name="java.version" value="1.8.0_231"/>
    <property name="user.dir" value="D:\JAVA RACVWorkSpace\ngwebdriver-auto"/>
    <property name="os.arch" value="amd64"/>
    <property name="java.vm.specification.name" value="Java Virtual Machine Specification"/>
    <property name="java.awt.printerjob" value="sun.awt.windows.WPrinterJob"/>
    <property name="sun.os.patch.level" value=""/>
    <property name="java.library.path" value="C:\Program Files\Java\jdk1.8.0_231\jre\bin;C:\Windows\Sun\Java\bin;C:\Windows\system32;C:\Windows;C:\Program Files (x86)\Common Files\Oracle\Java\javapath;C:\Python27\;C:\Python27\Scripts;C:\Windows\system32;C:\Windows;C:\Windows\System32\Wbem;C:\Windows\System32\WindowsPowerShell\v1.0\;C:\Program Files\Amazon\cfn-bootstrap\;C:\Program Files\nodejs\;C:\ProgramData\chocolatey\bin;C:\Users\Administrator\AppData\Local\Microsoft\WindowsApps;C:\Users\Administrator\AppData\Roaming\npm;C:\Program Files\apache-maven-3.6.3\bin;C:\Program Files\Java\jdk1.8.0_231\bin;."/>
    <property name="java.vm.info" value="mixed mode"/>
    <property name="java.vendor" value="Oracle Corporation"/>
    <property name="java.vm.version" value="25.231-b11"/>
    <property name="java.ext.dirs" value="C:\Program Files\Java\jdk1.8.0_231\jre\lib\ext;C:\Windows\Sun\Java\lib\ext"/>
    <property name="sun.io.unicode.encoding" value="UnicodeLittle"/>
    <property name="java.class.version" value="52.0"/>
  </properties>
  <testcase name="test_agebelow18andmore110" classname="com.racv.tests.SingleTripGetQuoteFieldValidationTest" time="33.18"/>
  <testcase name="test_ageprimaryagefieldblankvalidation" classname="com.racv.tests.SingleTripGetQuoteFieldValidationTest" time="35.51"/>
  <testcase name="test_leavingandretruningdatesame" classname="com.racv.tests.SingleTripGetQuoteFieldValidationTest" time="24.761"/>
  <testcase name="test_leavingonfieldblankvalidation" classname="com.racv.tests.SingleTripGetQuoteFieldValidationTest" time="24.438"/>
  <testcase name="test_pastdate" classname="com.racv.tests.SingleTripGetQuoteFieldValidationTest" time="11.073"/>
  <testcase name="test_singletrip_leavingdate_548days" classname="com.racv.tests.SingleTripGetQuoteFieldValidationTest" time="13.091"/>
  <testcase name="test_singletripreturningdate_365days" classname="com.racv.tests.SingleTripGetQuoteFieldValidationTest" time="18.269"/>
  <testcase name="test_traveldestfieldblankvalidation" classname="com.racv.tests.SingleTripGetQuoteFieldValidationTest" time="6.106"/>
  <testcase name="testgetaquote" classname="com.racv.tests.SingleTripGetQuoteFieldValidationTest" time="31.667"/>
  <testcase name="testgetdomestic_Internationaltravel" classname="com.racv.tests.SingleTripGetQuoteFieldValidationTest" time="14.259"/>
  <testcase name="testsingletripselected" classname="com.racv.tests.SingleTripGetQuoteFieldValidationTest" time="5.225"/>
</testsuite>