<?xml version="1.0" encoding="UTF-8"?>
<!-- Generated by org.testng.reporters.JUnitReportReporter -->
<testsuite skipped="0" hostname="LAP-TZD-1x74463" name="com.racqa.tests.PaymentPageFunctionalityValidation" tests="7" failures="0" timestamp="18 Feb 2020 12:39:23 GMT" time="261.857" errors="0">
  <testcase name="validateBlankCardHolderName" time="52.382" classname="com.racqa.tests.PaymentPageFunctionalityValidation"/>
  <testcase name="validateBlankCardNumber" time="45.434" classname="com.racqa.tests.PaymentPageFunctionalityValidation"/>
  <testcase name="validateBlankExpDate" time="40.203" classname="com.racqa.tests.PaymentPageFunctionalityValidation"/>
  <testcase name="validateBlankCVV" time="23.345" classname="com.racqa.tests.PaymentPageFunctionalityValidation"/>
  <testcase name="validateInvalidCard" time="35.113" classname="com.racqa.tests.PaymentPageFunctionalityValidation"/>
  <testcase name="validateWithPastExpDate" time="32.172" classname="com.racqa.tests.PaymentPageFunctionalityValidation"/>
  <testcase name="validateCardWithInvalidCVV" time="33.208" classname="com.racqa.tests.PaymentPageFunctionalityValidation"/>
</testsuite> <!-- com.racqa.tests.PaymentPageFunctionalityValidation -->
