<?xml version="1.0" encoding="UTF-8"?>
<!-- Generated by org.testng.reporters.JUnitReportReporter -->
<testsuite hostname="LAP-TZD-0X73500" name="com.racq.tests.CompareAndTravelFunctionalityValidationTest" tests="6" failures="0" timestamp="30 Mar 2020 09:04:41 GMT" time="658.785" errors="0">
  <testcase name="testChooseYourExcess" time="71.114" classname="com.racq.tests.CompareAndTravelFunctionalityValidationTest"/>
  <testcase name="testgetSkiWinterNo" time="101.204" classname="com.racq.tests.CompareAndTravelFunctionalityValidationTest"/>
  <testcase name="testgetEditFunctionality" time="114.075" classname="com.racq.tests.CompareAndTravelFunctionalityValidationTest"/>
  <testcase name="testContinueClick" time="163.686" classname="com.racq.tests.CompareAndTravelFunctionalityValidationTest"/>
  <testcase name="testgetGoingOnCruiseNo" time="97.805" classname="com.racq.tests.CompareAndTravelFunctionalityValidationTest"/>
  <testcase name="testgetValidateAllBenefit" time="110.901" classname="com.racq.tests.CompareAndTravelFunctionalityValidationTest"/>
</testsuite> <!-- com.racq.tests.CompareAndTravelFunctionalityValidationTest -->
