<?xml version="1.0" encoding="UTF-8"?>
<!-- Generated by org.testng.reporters.JUnitReportReporter -->
<testsuite skipped="1" hostname="LAP-TZD-0X77378" name="com.racv.tests.RACRegressionTestSuite" tests="1" failures="0" timestamp="12 Feb 2020 20:32:42 GMT" time="0.000" errors="0">
  <testcase name="testforDomesticAMTYesMedicalCondition" time="0.000" classname="com.racv.tests.RACRegressionTestSuite">
    <skipped/>
  </testcase> <!-- testforDomesticAMTYesMedicalCondition -->
</testsuite> <!-- com.racv.tests.RACRegressionTestSuite -->
