<?xml version="1.0" encoding="UTF-8"?>
<!-- Generated by org.testng.reporters.JUnitReportReporter -->
<testsuite skipped="0" hostname="LAP-TZD-1x74463" name="com.racv.tests.MultiTripGetQuoteTest" tests="11" failures="0" timestamp="14 Feb 2020 11:22:10 GMT" time="954.246" errors="0">
  <testcase name="testSwitchTolAMTselected" time="45.953" classname="com.racv.tests.MultiTripGetQuoteTest"/>
  <testcase name="test_annualamtreturningdate_60days" time="65.877" classname="com.racv.tests.MultiTripGetQuoteTest"/>
  <testcase name="test_AMTtraveller_agebelow18andmore75" time="120.061" classname="com.racv.tests.MultiTripGetQuoteTest"/>
  <testcase name="test_pastdate" time="61.015" classname="com.racv.tests.MultiTripGetQuoteTest"/>
  <testcase name="testAMTtraveldestfieldblankvalidation" time="89.392" classname="com.racv.tests.MultiTripGetQuoteTest"/>
  <testcase name="testAMTgetdomesticAndInternationaltravel" time="49.001" classname="com.racv.tests.MultiTripGetQuoteTest"/>
  <testcase name="test_ageprimaryagefieldblankvalidation" time="115.451" classname="com.racv.tests.MultiTripGetQuoteTest"/>
  <testcase name="test_amtannualtrip_leavingdate_548days" time="63.848" classname="com.racv.tests.MultiTripGetQuoteTest"/>
  <testcase name="testAMTGetaquote" time="91.972" classname="com.racv.tests.MultiTripGetQuoteTest"/>
  <testcase name="test_leavingandretruningdatesame" time="136.774" classname="com.racv.tests.MultiTripGetQuoteTest"/>
  <testcase name="testAMTleavingonfieldblankvalidation" time="114.902" classname="com.racv.tests.MultiTripGetQuoteTest"/>
</testsuite> <!-- com.racv.tests.MultiTripGetQuoteTest -->
