<?xml version="1.0" encoding="UTF-8"?>
<!-- Generated by org.testng.reporters.JUnitReportReporter -->
<testsuite skipped="0" hostname="LAP-TZD-1x74463" name="com.w2c.tests.CompareAndTravelFunctionalityValidationTest" tests="6" failures="0" timestamp="19 Feb 2020 16:52:52 GMT" time="70.998" errors="0">
  <testcase name="testChooseYourExcess" time="5.073" classname="com.w2c.tests.CompareAndTravelFunctionalityValidationTest"/>
  <testcase name="testgetGoingOnCruiseNo" time="0.224" classname="com.w2c.tests.CompareAndTravelFunctionalityValidationTest"/>
  <testcase name="testgetSkiWinterNo" time="3.068" classname="com.w2c.tests.CompareAndTravelFunctionalityValidationTest"/>
  <testcase name="testgetValidateAllBenefit" time="3.114" classname="com.w2c.tests.CompareAndTravelFunctionalityValidationTest"/>
  <testcase name="testContinueClick" time="55.727" classname="com.w2c.tests.CompareAndTravelFunctionalityValidationTest"/>
  <testcase name="testgetEditFunctionality" time="3.792" classname="com.w2c.tests.CompareAndTravelFunctionalityValidationTest"/>
</testsuite> <!-- com.w2c.tests.CompareAndTravelFunctionalityValidationTest -->
