<?xml version="1.0" encoding="UTF-8"?>
<!-- Generated by org.testng.reporters.JUnitReportReporter -->
<testsuite hostname="LAP-TZD-0X73500" name="com.aant.tests.PaymentPageFunctionalityValidation" tests="7" failures="0" timestamp="25 Mar 2020 12:34:27 GMT" time="204.180" errors="0">
  <testcase name="validateBlankExpDate" time="35.844" classname="com.aant.tests.PaymentPageFunctionalityValidation"/>
  <testcase name="validateBlankCVV" time="18.861" classname="com.aant.tests.PaymentPageFunctionalityValidation"/>
  <testcase name="validateBlankCardHolderName" time="32.713" classname="com.aant.tests.PaymentPageFunctionalityValidation"/>
  <testcase name="validateWithPastExpDate" time="27.673" classname="com.aant.tests.PaymentPageFunctionalityValidation"/>
  <testcase name="validateInvalidCard" time="31.727" classname="com.aant.tests.PaymentPageFunctionalityValidation"/>
  <testcase name="validateCardWithInvalidCVV" time="31.744" classname="com.aant.tests.PaymentPageFunctionalityValidation"/>
  <testcase name="validateBlankCardNumber" time="25.618" classname="com.aant.tests.PaymentPageFunctionalityValidation"/>
</testsuite> <!-- com.aant.tests.PaymentPageFunctionalityValidation -->
