<?xml version="1.0" encoding="UTF-8"?>
<!-- Generated by org.testng.reporters.JUnitReportReporter -->
<testsuite skipped="0" hostname="LAP-TZD-1x74463" name="com.racv.tests.CompareAndTravelFunctionalityValidationTest" tests="1" failures="0" timestamp="14 Feb 2020 14:21:16 GMT" time="110.647" errors="0">
  <testcase name="testChooseYourExcess" time="110.647" classname="com.racv.tests.CompareAndTravelFunctionalityValidationTest"/>
</testsuite> <!-- com.racv.tests.CompareAndTravelFunctionalityValidationTest -->
