<?xml version="1.0" encoding="UTF-8"?>
<!-- Generated by org.testng.reporters.JUnitReportReporter -->
<testsuite skipped="0" hostname="LAP-TZD-1x74463" name="com.racqa.tests.MultiTripGetQuoteTest" tests="11" failures="0" timestamp="17 Feb 2020 07:16:08 GMT" time="804.398" errors="0">
  <testcase name="test_ageprimaryagefieldblankvalidation" time="98.404" classname="com.racqa.tests.MultiTripGetQuoteTest"/>
  <testcase name="test_pastdate" time="51.123" classname="com.racqa.tests.MultiTripGetQuoteTest"/>
  <testcase name="testAMTtraveldestfieldblankvalidation" time="87.070" classname="com.racqa.tests.MultiTripGetQuoteTest"/>
  <testcase name="test_annualamtreturningdate_60days" time="54.911" classname="com.racqa.tests.MultiTripGetQuoteTest"/>
  <testcase name="testAMTgetdomesticAndInternationaltravel" time="48.795" classname="com.racqa.tests.MultiTripGetQuoteTest"/>
  <testcase name="test_AMTtraveller_agebelow18andmore75" time="92.949" classname="com.racqa.tests.MultiTripGetQuoteTest"/>
  <testcase name="test_leavingandretruningdatesame" time="93.402" classname="com.racqa.tests.MultiTripGetQuoteTest"/>
  <testcase name="testSwitchTolAMTselected" time="41.067" classname="com.racqa.tests.MultiTripGetQuoteTest"/>
  <testcase name="test_amtannualtrip_leavingdate_548days" time="46.792" classname="com.racqa.tests.MultiTripGetQuoteTest"/>
  <testcase name="testAMTGetaquote" time="90.995" classname="com.racqa.tests.MultiTripGetQuoteTest"/>
  <testcase name="testAMTleavingonfieldblankvalidation" time="98.890" classname="com.racqa.tests.MultiTripGetQuoteTest"/>
</testsuite> <!-- com.racqa.tests.MultiTripGetQuoteTest -->
