<?xml version="1.0" encoding="UTF-8"?>
<!-- Generated by org.testng.reporters.JUnitReportReporter -->
<testsuite hostname="LAP-TZD-0X73500" name="com.racv.tests.RegressionTestCase" tests="1" failures="0" timestamp="26 Feb 2020 17:52:11 GMT" time="239.642" errors="0">
  <testcase name="testSingleTripInternationalNoMedicalCondition" time="239.642" classname="com.racv.tests.RegressionTestCase"/>
</testsuite> <!-- com.racv.tests.RegressionTestCase -->
