<?xml version="1.0" encoding="UTF-8"?>
<!-- Generated by org.testng.reporters.JUnitReportReporter -->
<testsuite skipped="0" hostname="LAP-TZD-1x74463" name="com.racqa.tests.SingleTripGetQuoteFieldValidationTest" tests="11" failures="0" timestamp="17 Feb 2020 07:16:08 GMT" time="730.981" errors="0">
  <testcase name="test_leavingonfieldblankvalidation" time="99.826" classname="com.racqa.tests.SingleTripGetQuoteFieldValidationTest"/>
  <testcase name="test_traveldestfieldblankvalidation" time="86.925" classname="com.racqa.tests.SingleTripGetQuoteFieldValidationTest"/>
  <testcase name="test_singletripreturningdate_365days" time="55.618" classname="com.racqa.tests.SingleTripGetQuoteFieldValidationTest"/>
  <testcase name="testgetaquote" time="112.354" classname="com.racqa.tests.SingleTripGetQuoteFieldValidationTest"/>
  <testcase name="testsingletripselected" time="39.232" classname="com.racqa.tests.SingleTripGetQuoteFieldValidationTest"/>
  <testcase name="test_leavingandretruningdatesame" time="58.978" classname="com.racqa.tests.SingleTripGetQuoteFieldValidationTest"/>
  <testcase name="test_ageprimaryagefieldblankvalidation" time="66.084" classname="com.racqa.tests.SingleTripGetQuoteFieldValidationTest"/>
  <testcase name="test_agebelow18andmore110" time="66.797" classname="com.racqa.tests.SingleTripGetQuoteFieldValidationTest"/>
  <testcase name="test_pastdate" time="49.866" classname="com.racqa.tests.SingleTripGetQuoteFieldValidationTest"/>
  <testcase name="test_singletrip_leavingdate_548days" time="46.990" classname="com.racqa.tests.SingleTripGetQuoteFieldValidationTest"/>
  <testcase name="testgetdomestic_Internationaltravel" time="48.311" classname="com.racqa.tests.SingleTripGetQuoteFieldValidationTest"/>
</testsuite> <!-- com.racqa.tests.SingleTripGetQuoteFieldValidationTest -->
