<?xml version="1.0" encoding="UTF-8"?>
<!-- Generated by org.testng.reporters.JUnitReportReporter -->
<testsuite skipped="0" hostname="LAP-TZD-1x74463" name="com.racv.tests.SingleTripGetQuoteFieldValidationTest" tests="11" failures="0" timestamp="14 Feb 2020 10:58:52 GMT" time="771.535" errors="0">
  <testcase name="test_leavingonfieldblankvalidation" time="100.917" classname="com.racv.tests.SingleTripGetQuoteFieldValidationTest"/>
  <testcase name="test_traveldestfieldblankvalidation" time="93.761" classname="com.racv.tests.SingleTripGetQuoteFieldValidationTest"/>
  <testcase name="test_singletripreturningdate_365days" time="60.629" classname="com.racv.tests.SingleTripGetQuoteFieldValidationTest"/>
  <testcase name="testgetaquote" time="92.578" classname="com.racv.tests.SingleTripGetQuoteFieldValidationTest"/>
  <testcase name="testsingletripselected" time="40.771" classname="com.racv.tests.SingleTripGetQuoteFieldValidationTest"/>
  <testcase name="test_leavingandretruningdatesame" time="60.605" classname="com.racv.tests.SingleTripGetQuoteFieldValidationTest"/>
  <testcase name="test_ageprimaryagefieldblankvalidation" time="82.278" classname="com.racv.tests.SingleTripGetQuoteFieldValidationTest"/>
  <testcase name="test_agebelow18andmore110" time="68.258" classname="com.racv.tests.SingleTripGetQuoteFieldValidationTest"/>
  <testcase name="test_pastdate" time="73.761" classname="com.racv.tests.SingleTripGetQuoteFieldValidationTest"/>
  <testcase name="test_singletrip_leavingdate_548days" time="48.278" classname="com.racv.tests.SingleTripGetQuoteFieldValidationTest"/>
  <testcase name="testgetdomestic_Internationaltravel" time="49.699" classname="com.racv.tests.SingleTripGetQuoteFieldValidationTest"/>
</testsuite> <!-- com.racv.tests.SingleTripGetQuoteFieldValidationTest -->
