<?xml version="1.0" encoding="UTF-8"?>
<!-- Generated by org.testng.reporters.JUnitReportReporter -->
<testsuite hostname="LAP-TZD-0X73500" name="com.w2c.tests.PaymentPageFunctionalityValidation" tests="7" failures="0" timestamp="30 Mar 2020 21:18:48 GMT" time="207.841" errors="0">
  <testcase name="validateWithPastExpDate" time="28.051" classname="com.w2c.tests.PaymentPageFunctionalityValidation"/>
  <testcase name="validateBlankExpDate" time="36.426" classname="com.w2c.tests.PaymentPageFunctionalityValidation"/>
  <testcase name="validateInvalidCard" time="32.227" classname="com.w2c.tests.PaymentPageFunctionalityValidation"/>
  <testcase name="validateBlankCVV" time="19.218" classname="com.w2c.tests.PaymentPageFunctionalityValidation"/>
  <testcase name="validateBlankCardNumber" time="26.066" classname="com.w2c.tests.PaymentPageFunctionalityValidation"/>
  <testcase name="validateBlankCardHolderName" time="33.493" classname="com.w2c.tests.PaymentPageFunctionalityValidation"/>
  <testcase name="validateCardWithInvalidCVV" time="32.360" classname="com.w2c.tests.PaymentPageFunctionalityValidation"/>
</testsuite> <!-- com.w2c.tests.PaymentPageFunctionalityValidation -->
