<?xml version="1.0" encoding="UTF-8"?>
<!-- Generated by org.testng.reporters.JUnitReportReporter -->
<testsuite hostname="LAP-TZD-0X73500" name="com.racq.tests.PaymentPageFunctionalityValidation" tests="7" failures="0" timestamp="30 Mar 2020 09:52:11 GMT" time="203.681" errors="0">
  <testcase name="validateCardWithInvalidCVV" time="31.679" classname="com.racq.tests.PaymentPageFunctionalityValidation"/>
  <testcase name="validateBlankCardHolderName" time="32.691" classname="com.racq.tests.PaymentPageFunctionalityValidation"/>
  <testcase name="validateBlankExpDate" time="35.770" classname="com.racq.tests.PaymentPageFunctionalityValidation"/>
  <testcase name="validateInvalidCard" time="31.656" classname="com.racq.tests.PaymentPageFunctionalityValidation"/>
  <testcase name="validateBlankCVV" time="18.732" classname="com.racq.tests.PaymentPageFunctionalityValidation"/>
  <testcase name="validateBlankCardNumber" time="25.528" classname="com.racq.tests.PaymentPageFunctionalityValidation"/>
  <testcase name="validateWithPastExpDate" time="27.625" classname="com.racq.tests.PaymentPageFunctionalityValidation"/>
</testsuite> <!-- com.racq.tests.PaymentPageFunctionalityValidation -->
