<?xml version="1.0" encoding="UTF-8"?>
<!-- Generated by org.testng.reporters.JUnitReportReporter -->
<testsuite hostname="LAP-TZD-0X73500" name="com.racq.tests.MultiTripGetQuoteTest" tests="11" failures="0" timestamp="30 Mar 2020 10:16:42 GMT" time="505.665" errors="0">
  <testcase name="testAMTGetaquote" time="29.708" classname="com.racq.tests.MultiTripGetQuoteTest"/>
  <testcase name="testAMTtraveldestfieldblankvalidation" time="36.763" classname="com.racq.tests.MultiTripGetQuoteTest"/>
  <testcase name="test_leavingandretruningdatesame" time="52.372" classname="com.racq.tests.MultiTripGetQuoteTest"/>
  <testcase name="test_AMTtraveller_agebelow18andmore75" time="52.138" classname="com.racq.tests.MultiTripGetQuoteTest"/>
  <testcase name="testAMTleavingonfieldblankvalidation" time="55.343" classname="com.racq.tests.MultiTripGetQuoteTest"/>
  <testcase name="test_annualamtreturningdate_60days" time="49.063" classname="com.racq.tests.MultiTripGetQuoteTest"/>
  <testcase name="test_amtannualtrip_leavingdate_548days" time="44.040" classname="com.racq.tests.MultiTripGetQuoteTest"/>
  <testcase name="test_pastdate" time="45.231" classname="com.racq.tests.MultiTripGetQuoteTest"/>
  <testcase name="testAMTgetdomesticAndInternationaltravel" time="46.115" classname="com.racq.tests.MultiTripGetQuoteTest"/>
  <testcase name="testSwitchTolAMTselected" time="36.480" classname="com.racq.tests.MultiTripGetQuoteTest"/>
  <testcase name="test_ageprimaryagefieldblankvalidation" time="58.412" classname="com.racq.tests.MultiTripGetQuoteTest"/>
</testsuite> <!-- com.racq.tests.MultiTripGetQuoteTest -->
