<?xml version="1.0" encoding="UTF-8"?>
<!-- Generated by org.testng.reporters.JUnitReportReporter -->
<testsuite skipped="0" hostname="LAP-TZD-1x74463" name="com.racqa.tests.DetailPageFieldValidationTest" tests="22" failures="0" timestamp="19 Feb 2020 11:56:17 GMT" time="474.036" errors="0">
  <testcase name="testBlankFieldForPrimarytravellerFirstName" time="7.276" classname="com.racqa.tests.DetailPageFieldValidationTest"/>
  <testcase name="testBlankFieldForPrimarytravellerLasttName" time="17.188" classname="com.racqa.tests.DetailPageFieldValidationTest"/>
  <testcase name="testBlankFieldForPrimarytravellerDOB" time="8.250" classname="com.racqa.tests.DetailPageFieldValidationTest"/>
  <testcase name="testBlankFieldForSecondarytravellerFirstName" time="17.163" classname="com.racqa.tests.DetailPageFieldValidationTest"/>
  <testcase name="testBlankFieldForSecondarytravellerLastName" time="17.140" classname="com.racqa.tests.DetailPageFieldValidationTest"/>
  <testcase name="testBlankFieldForSecondarytravellerDOB" time="10.205" classname="com.racqa.tests.DetailPageFieldValidationTest"/>
  <testcase name="testBlankFieldForStreet" time="8.311" classname="com.racqa.tests.DetailPageFieldValidationTest"/>
  <testcase name="testBlankFieldForSuburb" time="6.156" classname="com.racqa.tests.DetailPageFieldValidationTest"/>
  <testcase name="testBlankFieldForPinCode" time="6.174" classname="com.racqa.tests.DetailPageFieldValidationTest"/>
  <testcase name="testBlankFieldForEmail" time="11.188" classname="com.racqa.tests.DetailPageFieldValidationTest"/>
  <testcase name="testBlankFieldForConfirmEmail" time="6.171" classname="com.racqa.tests.DetailPageFieldValidationTest"/>
  <testcase name="testBlankFieldForPhoneNo" time="8.142" classname="com.racqa.tests.DetailPageFieldValidationTest"/>
  <testcase name="testInvalidPinCode" time="41.688" classname="com.racqa.tests.DetailPageFieldValidationTest"/>
  <testcase name="testForInvalidEmailFormat" time="38.652" classname="com.racqa.tests.DetailPageFieldValidationTest"/>
  <testcase name="testForInvalidConFirmEmailFormat" time="35.485" classname="com.racqa.tests.DetailPageFieldValidationTest"/>
  <testcase name="testForMisMatchOfEmailAndConfirmEmail" time="39.829" classname="com.racqa.tests.DetailPageFieldValidationTest"/>
  <testcase name="testForInvalidMobileNo" time="37.487" classname="com.racqa.tests.DetailPageFieldValidationTest"/>
  <testcase name="testAddDependent" time="13.859" classname="com.racqa.tests.DetailPageFieldValidationTest"/>
  <testcase name="testDeleteDependent" time="22.610" classname="com.racqa.tests.DetailPageFieldValidationTest"/>
  <testcase name="getPrimaryAgeDetails18to85SkiWinterSPorts" time="35.937" classname="com.racqa.tests.DetailPageFieldValidationTest"/>
  <testcase name="getSecondaryAgeDetails18to85SkiWinterSPorts" time="40.124" classname="com.racqa.tests.DetailPageFieldValidationTest"/>
  <testcase name="getDOBDetailsPageMismatchWithGetAQuote" time="45.001" classname="com.racqa.tests.DetailPageFieldValidationTest"/>
</testsuite> <!-- com.racqa.tests.DetailPageFieldValidationTest -->
