<?xml version="1.0" encoding="UTF-8"?>
<!-- Generated by org.testng.reporters.JUnitReportReporter -->
<testsuite skipped="0" hostname="EC2AMAZ-CKO5V2S" name="com.racv.tests.SingleTripGetQuoteFieldValidationTest" tests="11" failures="0" timestamp="2020-02-12T12:24:18 UTC" time="286.759" errors="0">
  <testcase name="test_singletripreturningdate_365days" time="23.862" classname="com.racv.tests.SingleTripGetQuoteFieldValidationTest"/>
  <system-out/>
  <testcase name="testgetaquote" time="37.296" classname="com.racv.tests.SingleTripGetQuoteFieldValidationTest"/>
  <system-out/>
  <testcase name="test_pastdate" time="16.718" classname="com.racv.tests.SingleTripGetQuoteFieldValidationTest"/>
  <system-out/>
  <testcase name="test_agebelow18andmore110" time="38.805" classname="com.racv.tests.SingleTripGetQuoteFieldValidationTest"/>
  <system-out/>
  <testcase name="test_ageprimaryagefieldblankvalidation" time="41.116" classname="com.racv.tests.SingleTripGetQuoteFieldValidationTest"/>
  <system-out/>
  <testcase name="test_leavingandretruningdatesame" time="30.416" classname="com.racv.tests.SingleTripGetQuoteFieldValidationTest"/>
  <system-out/>
  <testcase name="test_singletrip_leavingdate_548days" time="25.672" classname="com.racv.tests.SingleTripGetQuoteFieldValidationTest"/>
  <system-out/>
  <testcase name="test_leavingonfieldblankvalidation" time="30.092" classname="com.racv.tests.SingleTripGetQuoteFieldValidationTest"/>
  <system-out/>
  <testcase name="test_traveldestfieldblankvalidation" time="11.736" classname="com.racv.tests.SingleTripGetQuoteFieldValidationTest"/>
  <system-out/>
  <testcase name="testgetdomestic_Internationaltravel" time="20.255" classname="com.racv.tests.SingleTripGetQuoteFieldValidationTest"/>
  <system-out/>
  <testcase name="testsingletripselected" time="10.791" classname="com.racv.tests.SingleTripGetQuoteFieldValidationTest"/>
  <system-out/>
</testsuite> <!-- com.racv.tests.SingleTripGetQuoteFieldValidationTest -->
